{
"contracts\\Raffle.sol":{"l":{"76":3,"77":3,"78":3,"79":3,"80":3,"81":3,"82":3,"83":3,"89":8,"90":1,"92":7,"93":6,"96":6,"114":6,"115":6,"116":6,"117":6,"118":6,"125":2,"126":2,"127":2,"128":2,"136":2,"143":0,"144":0,"145":0,"146":0,"147":0,"148":0,"149":0,"150":0,"151":0,"157":10,"161":1,"166":0,"170":2,"174":0,"179":0,"184":0,"189":0,"194":9},"path":"K:\\blockchainCode\\four-lottery\\contracts\\Raffle.sol","s":{"1":3,"2":3,"3":3,"4":3,"5":3,"6":3,"7":3,"8":3,"9":8,"10":7,"11":6,"12":6,"13":6,"14":6,"15":6,"16":6,"17":6,"18":2,"19":2,"20":2,"21":2,"22":2,"23":0,"24":0,"25":0,"26":0,"27":0,"28":0,"29":0,"30":0,"31":0,"32":10,"33":1,"34":0,"35":2,"36":0,"37":0,"38":0,"39":0,"40":9},"b":{"1":[1,7],"2":[1,6],"3":[0,2],"4":[0,0]},"f":{"1":3,"2":8,"3":6,"4":2,"5":0,"6":10,"7":1,"8":0,"9":2,"10":0,"11":0,"12":0,"13":0,"14":9},"fnMap":{"1":{"name":"constructor","line":75,"loc":{"start":{"line":66,"column":4},"end":{"line":84,"column":4}}},"2":{"name":"enterRaffle","line":88,"loc":{"start":{"line":88,"column":4},"end":{"line":97,"column":4}}},"3":{"name":"checkUpkeep","line":110,"loc":{"start":{"line":110,"column":4},"end":{"line":119,"column":0}}},"4":{"name":"performUpkeep","line":121,"loc":{"start":{"line":121,"column":4},"end":{"line":137,"column":4}}},"5":{"name":"fulfillRandomWords","line":139,"loc":{"start":{"line":139,"column":4},"end":{"line":152,"column":8}}},"6":{"name":"getEntranceFee","line":156,"loc":{"start":{"line":156,"column":4},"end":{"line":158,"column":4}}},"7":{"name":"getPlayer","line":160,"loc":{"start":{"line":160,"column":4},"end":{"line":162,"column":4}}},"8":{"name":"getRecentWinner","line":164,"loc":{"start":{"line":164,"column":4},"end":{"line":167,"column":4}}},"9":{"name":"getRaffleState","line":169,"loc":{"start":{"line":169,"column":4},"end":{"line":171,"column":4}}},"10":{"name":"getNumWords","line":173,"loc":{"start":{"line":173,"column":4},"end":{"line":175,"column":4}}},"11":{"name":"getNumberOfPlayers","line":177,"loc":{"start":{"line":177,"column":4},"end":{"line":180,"column":4}}},"12":{"name":"getLatestTimeStamp","line":182,"loc":{"start":{"line":182,"column":4},"end":{"line":185,"column":4}}},"13":{"name":"getRequestConfirmations","line":187,"loc":{"start":{"line":187,"column":4},"end":{"line":190,"column":4}}},"14":{"name":"getInterval","line":192,"loc":{"start":{"line":192,"column":4},"end":{"line":195,"column":4}}}},"statementMap":{"1":{"start":{"line":76,"column":8},"end":{"line":76,"column":34}},"2":{"start":{"line":77,"column":8},"end":{"line":77,"column":68}},"3":{"start":{"line":78,"column":8},"end":{"line":78,"column":26}},"4":{"start":{"line":79,"column":8},"end":{"line":79,"column":38}},"5":{"start":{"line":80,"column":8},"end":{"line":80,"column":42}},"6":{"start":{"line":81,"column":8},"end":{"line":81,"column":37}},"7":{"start":{"line":82,"column":8},"end":{"line":82,"column":38}},"8":{"start":{"line":83,"column":8},"end":{"line":83,"column":26}},"9":{"start":{"line":89,"column":8},"end":{"line":89,"column":2531}},"10":{"start":{"line":92,"column":8},"end":{"line":92,"column":70}},"11":{"start":{"line":93,"column":8},"end":{"line":93,"column":42}},"12":{"start":{"line":96,"column":8},"end":{"line":96,"column":36}},"13":{"start":{"line":114,"column":4},"end":{"line":114,"column":49}},"14":{"start":{"line":115,"column":4},"end":{"line":115,"column":70}},"15":{"start":{"line":116,"column":4},"end":{"line":116,"column":40}},"16":{"start":{"line":117,"column":4},"end":{"line":117,"column":45}},"17":{"start":{"line":118,"column":4},"end":{"line":118,"column":66}},"18":{"start":{"line":125,"column":8},"end":{"line":125,"column":44}},"19":{"start":{"line":126,"column":8},"end":{"line":126,"column":120}},"20":{"start":{"line":127,"column":8},"end":{"line":127,"column":44}},"21":{"start":{"line":128,"column":8},"end":{"line":128,"column":4021}},"22":{"start":{"line":136,"column":8},"end":{"line":136,"column":43}},"23":{"start":{"line":143,"column":16},"end":{"line":143,"column":72}},"24":{"start":{"line":144,"column":16},"end":{"line":144,"column":71}},"25":{"start":{"line":145,"column":16},"end":{"line":145,"column":42}},"26":{"start":{"line":146,"column":16},"end":{"line":146,"column":45}},"27":{"start":{"line":147,"column":16},"end":{"line":147,"column":49}},"28":{"start":{"line":148,"column":16},"end":{"line":148,"column":46}},"29":{"start":{"line":149,"column":16},"end":{"line":149,"column":82}},"30":{"start":{"line":150,"column":16},"end":{"line":150,"column":61}},"31":{"start":{"line":151,"column":16},"end":{"line":151,"column":47}},"32":{"start":{"line":157,"column":8},"end":{"line":157,"column":28}},"33":{"start":{"line":161,"column":8},"end":{"line":161,"column":31}},"34":{"start":{"line":166,"column":8},"end":{"line":166,"column":29}},"35":{"start":{"line":170,"column":8},"end":{"line":170,"column":28}},"36":{"start":{"line":174,"column":8},"end":{"line":174,"column":24}},"37":{"start":{"line":179,"column":8},"end":{"line":179,"column":31}},"38":{"start":{"line":184,"column":8},"end":{"line":184,"column":30}},"39":{"start":{"line":189,"column":8},"end":{"line":189,"column":35}},"40":{"start":{"line":194,"column":8},"end":{"line":194,"column":25}}},"branchMap":{"1":{"line":89,"type":"if","locations":[{"start":{"line":89,"column":8},"end":{"line":89,"column":8}},{"start":{"line":89,"column":8},"end":{"line":89,"column":8}}]},"2":{"line":92,"type":"if","locations":[{"start":{"line":92,"column":8},"end":{"line":92,"column":8}},{"start":{"line":92,"column":8},"end":{"line":92,"column":8}}]},"3":{"line":126,"type":"if","locations":[{"start":{"line":126,"column":8},"end":{"line":126,"column":8}},{"start":{"line":126,"column":8},"end":{"line":126,"column":8}}]},"4":{"line":150,"type":"if","locations":[{"start":{"line":150,"column":16},"end":{"line":150,"column":16}},{"start":{"line":150,"column":16},"end":{"line":150,"column":16}}]}}},
"contracts\\test\\VRFCoordinatorV2Mock.sol":{"l":{},"path":"K:\\blockchainCode\\four-lottery\\contracts\\test\\VRFCoordinatorV2Mock.sol","s":{},"b":{},"f":{},"fnMap":{},"statementMap":{},"branchMap":{}}}
