TN:
SF:K:\blockchainCode\four-lottery\contracts\Raffle.sol
FN:75,constructor
FN:88,enterRaffle
FN:110,checkUpkeep
FN:121,performUpkeep
FN:139,fulfillRandomWords
FN:156,getEntranceFee
FN:160,getPlayer
FN:164,getRecentWinner
FN:169,getRaffleState
FN:173,getNumWords
FN:177,getNumberOfPlayers
FN:182,getLatestTimeStamp
FN:187,getRequestConfirmations
FN:192,getInterval
FNF:14
FNH:8
FNDA:3,constructor
FNDA:8,enterRaffle
FNDA:6,checkUpkeep
FNDA:2,performUpkeep
FNDA:0,fulfillRandomWords
FNDA:10,getEntranceFee
FNDA:1,getPlayer
FNDA:0,getRecentWinner
FNDA:2,getRaffleState
FNDA:0,getNumWords
FNDA:0,getNumberOfPlayers
FNDA:0,getLatestTimeStamp
FNDA:0,getRequestConfirmations
FNDA:9,getInterval
DA:76,3
DA:77,3
DA:78,3
DA:79,3
DA:80,3
DA:81,3
DA:82,3
DA:83,3
DA:89,8
DA:90,1
DA:92,7
DA:93,6
DA:96,6
DA:114,6
DA:115,6
DA:116,6
DA:117,6
DA:118,6
DA:125,2
DA:126,2
DA:127,2
DA:128,2
DA:136,2
DA:143,0
DA:144,0
DA:145,0
DA:146,0
DA:147,0
DA:148,0
DA:149,0
DA:150,0
DA:151,0
DA:157,10
DA:161,1
DA:166,0
DA:170,2
DA:174,0
DA:179,0
DA:184,0
DA:189,0
DA:194,9
LF:41
LH:27
BRDA:89,1,0,1
BRDA:89,1,1,7
BRDA:92,2,0,1
BRDA:92,2,1,6
BRDA:126,3,0,0
BRDA:126,3,1,2
BRDA:150,4,0,0
BRDA:150,4,1,0
BRF:8
BRH:5
end_of_record
TN:
SF:K:\blockchainCode\four-lottery\contracts\test\VRFCoordinatorV2Mock.sol
FNF:0
FNH:0
LF:0
LH:0
BRF:0
BRH:0
end_of_record
